#
# There is insufficient memory for the Java Runtime Environment to continue.
# Native memory allocation (mmap) failed to map 536870912 bytes. Error detail: G1 virtual space
# Possible reasons:
#   The system is out of physical RAM or swap space
#   This process is running with CompressedOops enabled, and the Java Heap may be blocking the growth of the native heap
# Possible solutions:
#   Reduce memory load on the system
#   Increase physical memory or swap space
#   Check if swap backing store is full
#   Decrease Java heap size (-Xmx/-Xms)
#   Decrease number of Java threads
#   Decrease Java thread stack sizes (-Xss)
#   Set larger code cache with -XX:ReservedCodeCacheSize=
#   JVM is running with Zero Based Compressed Oops mode in which the Java heap is
#     placed in the first 32GB address space. The Java Heap base address is the
#     maximum limit for the native heap growth. Please use -XX:HeapBaseMinAddress
#     to set the Java Heap base and to place the Java Heap above 32GB virtual address.
# This output file may be truncated or incomplete.
#
#  Out of Memory Error (os_windows.cpp:3825), pid=18200, tid=22204
#
# JRE version:  (17.0.11+1) (build )
# Java VM: OpenJDK 64-Bit Server VM (17.0.11+1-b1207.24, mixed mode, sharing, tiered, compressed oops, compressed class ptrs, g1 gc, windows-amd64)
# No core dump will be written. Minidumps are not enabled by default on client versions of Windows
#

---------------  S U M M A R Y ------------

Command Line: git4idea.http.GitAskPassApp Username for 'https://github.com': 

Host: AMD Ryzen 9 5900X 12-Core Processor            , 24 cores, 31G,  Windows 11 , 64 bit Build 22621 (10.0.22621.3958)
Time: Mon Oct 21 16:20:22 2024 W. Europe Daylight Time elapsed time: 0.006501 seconds (0d 0h 0m 0s)

---------------  T H R E A D  ---------------

Current thread (0x0000021f21ed4b20):  JavaThread "Unknown thread" [_thread_in_vm, id=22204, stack(0x000000f2eda00000,0x000000f2edb00000)]

Stack: [0x000000f2eda00000,0x000000f2edb00000]
Native frames: (J=compiled Java code, j=interpreted, Vv=VM code, C=native code)
V  [jvm.dll+0x6877f9]
V  [jvm.dll+0x8411aa]
V  [jvm.dll+0x842e2e]
V  [jvm.dll+0x843493]
V  [jvm.dll+0x249fdf]
V  [jvm.dll+0x6845c9]
V  [jvm.dll+0x678e7a]
V  [jvm.dll+0x30ab4b]
V  [jvm.dll+0x311ff6]
V  [jvm.dll+0x361a5e]
V  [jvm.dll+0x361c8f]
V  [jvm.dll+0x2e0978]
V  [jvm.dll+0x2e18e4]
V  [jvm.dll+0x811c71]
V  [jvm.dll+0x36f7c8]
V  [jvm.dll+0x7f05f6]
V  [jvm.dll+0x3f398f]
V  [jvm.dll+0x3f5541]
C  [jli.dll+0x528f]
C  [ucrtbase.dll+0x29333]
C  [KERNEL32.DLL+0x1257d]
C  [ntdll.dll+0x5af08]


---------------  P R O C E S S  ---------------

Threads class SMR info:
_java_thread_list=0x00007ffa8d61efd8, length=0, elements={
}

Java Threads: ( => current thread )

Other Threads:
  0x0000021f35450ce0 GCTaskThread "GC Thread#0" [stack: 0x000000f2edb00000,0x000000f2edc00000] [id=25960]
  0x0000021f21f1e9e0 ConcurrentGCThread "G1 Main Marker" [stack: 0x000000f2edc00000,0x000000f2edd00000] [id=5344]
  0x0000021f21f1f400 ConcurrentGCThread "G1 Conc#0" [stack: 0x000000f2edd00000,0x000000f2ede00000] [id=24632]

[error occurred during error reporting (printing all threads), id 0xc0000005, EXCEPTION_ACCESS_VIOLATION (0xc0000005) at pc=0x00007ffa8cdd1547]

VM state: not at safepoint (not fully initialized)

VM Mutex/Monitor currently owned by a thread:  ([mutex/lock_event])
[0x0000021f21ed0d30] Heap_lock - owner thread: 0x0000021f21ed4b20

Heap address: 0x0000000601400000, size: 8172 MB, Compressed Oops mode: Zero based, Oop shift amount: 3

CDS archive(s) mapped at: [0x0000000000000000-0x0000000000000000-0x0000000000000000), size 0, SharedBaseAddress: 0x0000000800000000, ArchiveRelocationMode: 1.
Narrow klass base: 0x0000000000000000, Narrow klass shift: 0, Narrow klass range: 0x0

GC Precious Log:
<Empty>

Heap:
 garbage-first heap   total 0K, used 0K [0x0000000601400000, 0x0000000800000000)
  region size 4096K, 0 young (0K), 0 survivors (0K)
 Metaspace       used 0K, committed 0K, reserved 0K
  class space    used 0K, committed 0K, reserved 0K

Heap Regions: E=young(eden), S=young(survivor), O=old, HS=humongous(starts), HC=humongous(continues), CS=collection set, F=free, OA=open archive, CA=closed archive, TAMS=top-at-mark-start (previous, next)

Card table byte_map: [0x0000021f365d0000,0x0000021f375d0000] _byte_map_base: 0x0000021f335c6000

Marking Bits (Prev, Next): (CMBitMap*) 0x0000021f21f0bc90, (CMBitMap*) 0x0000021f21f0bcd0
 Prev Bits: [0x0000021f385d0000, 0x0000021f40580000)
 Next Bits: [0x0000021f40580000, 0x0000021f48530000)

GC Heap History (0 events):
No events

Dll operation events (1 events):
Event: 0.003 Loaded shared library C:\PROGRAMS\WebStorm\jbr\bin\java.dll

Deoptimization events (0 events):
No events

Classes unloaded (0 events):
No events

Classes redefined (0 events):
No events

Internal exceptions (0 events):
No events

VM Operations (0 events):
No events

Events (0 events):
No events


Dynamic libraries:
0x00007ff79bdd0000 - 0x00007ff79bdda000 	C:\PROGRAMS\WebStorm\jbr\bin\java.exe
0x00007ffacb230000 - 0x00007ffacb447000 	C:\Windows\SYSTEM32\ntdll.dll
0x00007ffaca170000 - 0x00007ffaca234000 	C:\Windows\System32\KERNEL32.DLL
0x00007ffac85e0000 - 0x00007ffac8997000 	C:\Windows\System32\KERNELBASE.dll
0x00007ffac8b40000 - 0x00007ffac8c51000 	C:\Windows\System32\ucrtbase.dll
0x00007ffaae8a0000 - 0x00007ffaae8b7000 	C:\PROGRAMS\WebStorm\jbr\bin\jli.dll
0x00007ffa9d5a0000 - 0x00007ffa9d5bb000 	C:\PROGRAMS\WebStorm\jbr\bin\VCRUNTIME140.dll
0x00007ffaca240000 - 0x00007ffaca3ef000 	C:\Windows\System32\USER32.dll
0x00007ffab1680000 - 0x00007ffab1913000 	C:\Windows\WinSxS\amd64_microsoft.windows.common-controls_6595b64144ccf1df_6.0.22621.3672_none_2713b9d173822955\COMCTL32.dll
0x00007ffac8e70000 - 0x00007ffac8e96000 	C:\Windows\System32\win32u.dll
0x00007ffacb080000 - 0x00007ffacb0a9000 	C:\Windows\System32\GDI32.dll
0x00007ffaca3f0000 - 0x00007ffaca497000 	C:\Windows\System32\msvcrt.dll
0x00007ffac8a20000 - 0x00007ffac8b38000 	C:\Windows\System32\gdi32full.dll
0x00007ffac8dd0000 - 0x00007ffac8e6a000 	C:\Windows\System32\msvcp_win.dll
0x00007ffacb0b0000 - 0x00007ffacb0e1000 	C:\Windows\System32\IMM32.DLL
0x00007ffab2950000 - 0x00007ffab2a3b000 	C:\Program Files\Windhawk\Engine\1.5.1\64\windhawk.dll
0x00007ffacaae0000 - 0x00007ffacab92000 	C:\Windows\System32\ADVAPI32.dll
0x00007ffac43e0000 - 0x00007ffac4516000 	C:\Windows\SYSTEM32\WINHTTP.dll
0x00007ffac9a70000 - 0x00007ffac9b18000 	C:\Windows\System32\sechost.dll
0x00007ffac8540000 - 0x00007ffac8568000 	C:\Windows\System32\bcrypt.dll
0x00007ffac9c50000 - 0x00007ffac9d64000 	C:\Windows\System32\RPCRT4.dll
0x00007ffab2220000 - 0x00007ffab2238000 	C:\ProgramData\Windhawk\Engine\Mods\64\dot-hide_1.0.0_270655.dll
0x00007ffab2e10000 - 0x00007ffab2e39000 	C:\ProgramData\Windhawk\Engine\Mods\64\slick-window-arrangement_1.0.2_266143.dll
0x00007ffab1b10000 - 0x00007ffab1ca2000 	C:\ProgramData\Windhawk\Engine\Mods\64\libc++.dll
0x00007ffac5e90000 - 0x00007ffac5ebb000 	C:\Windows\SYSTEM32\dwmapi.dll
0x00007ffab2dd0000 - 0x00007ffab2e0a000 	C:\ProgramData\Windhawk\Engine\Mods\64\libunwind.dll
0x00007ffaca650000 - 0x00007ffaca9de000 	C:\Windows\System32\combase.dll
0x00007ffaca9e0000 - 0x00007ffacaad9000 	C:\Windows\System32\shcore.dll
0x00007ffab2d60000 - 0x00007ffab2d7d000 	C:\ProgramData\Windhawk\Engine\Mods\64\modernize-folder-picker-dialog_1.0.0_275909.dll
0x00007ffaca4a0000 - 0x00007ffaca645000 	C:\Windows\System32\ole32.dll
0x00007ffac9130000 - 0x00007ffac9999000 	C:\Windows\System32\SHELL32.dll
0x00007ffab11f0000 - 0x00007ffab120b000 	C:\ProgramData\Windhawk\Engine\Mods\64\msg-box-font-fix_2.0.0_117794.dll
0x00007ffab11d0000 - 0x00007ffab11e8000 	C:\ProgramData\Windhawk\Engine\Mods\64\remove-ms-store-open-with_1.0.0_690889.dll
0x00007ffac2910000 - 0x00007ffac291c000 	C:\PROGRAMS\WebStorm\jbr\bin\vcruntime140_1.dll
0x00007ffa95300000 - 0x00007ffa9538d000 	C:\PROGRAMS\WebStorm\jbr\bin\msvcp140.dll
0x00007ffa8cae0000 - 0x00007ffa8d763000 	C:\PROGRAMS\WebStorm\jbr\bin\server\jvm.dll
0x00007ffab24b0000 - 0x00007ffab24b9000 	C:\Windows\SYSTEM32\WSOCK32.dll
0x00007ffac7b20000 - 0x00007ffac7b6d000 	C:\Windows\SYSTEM32\POWRPROF.dll
0x00007ffab9c90000 - 0x00007ffab9cc4000 	C:\Windows\SYSTEM32\WINMM.dll
0x00007ffac9bb0000 - 0x00007ffac9c21000 	C:\Windows\System32\WS2_32.dll
0x00007ffac0260000 - 0x00007ffac026a000 	C:\Windows\SYSTEM32\VERSION.dll
0x00007ffac7ad0000 - 0x00007ffac7ae3000 	C:\Windows\SYSTEM32\UMPDC.dll
0x00007ffac7550000 - 0x00007ffac7568000 	C:\Windows\SYSTEM32\kernel.appcore.dll
0x00007ffac45f0000 - 0x00007ffac45fa000 	C:\PROGRAMS\WebStorm\jbr\bin\jimage.dll
0x00007ffac2930000 - 0x00007ffac2b62000 	C:\Windows\SYSTEM32\DBGHELP.DLL
0x00007ffaca090000 - 0x00007ffaca167000 	C:\Windows\System32\OLEAUT32.dll
0x00007ffa90870000 - 0x00007ffa908a2000 	C:\Windows\SYSTEM32\dbgcore.DLL
0x00007ffac89a0000 - 0x00007ffac8a1b000 	C:\Windows\System32\bcryptPrimitives.dll
0x00007ffaaf3f0000 - 0x00007ffaaf415000 	C:\PROGRAMS\WebStorm\jbr\bin\java.dll

dbghelp: loaded successfully - version: 4.0.5 - missing functions: none
symbol engine: initialized successfully - sym options: 0x614 - pdb path: .;C:\PROGRAMS\WebStorm\jbr\bin;C:\Windows\SYSTEM32;C:\Windows\WinSxS\amd64_microsoft.windows.common-controls_6595b64144ccf1df_6.0.22621.3672_none_2713b9d173822955;C:\Program Files\Windhawk\Engine\1.5.1\64;C:\ProgramData\Windhawk\Engine\Mods\64;C:\PROGRAMS\WebStorm\jbr\bin\server

VM Arguments:
java_command: git4idea.http.GitAskPassApp Username for 'https://github.com': 
java_class_path (initial): C:/PROGRAMS/WebStorm/plugins/vcs-git/lib/git4idea-rt.jar;C:/PROGRAMS/WebStorm/lib/externalProcess-rt.jar
Launcher Type: SUN_STANDARD

[Global flags]
     intx CICompilerCount                          = 12                                        {product} {ergonomic}
     uint ConcGCThreads                            = 5                                         {product} {ergonomic}
     uint G1ConcRefinementThreads                  = 18                                        {product} {ergonomic}
   size_t G1HeapRegionSize                         = 4194304                                   {product} {ergonomic}
    uintx GCDrainStackTargetSize                   = 64                                        {product} {ergonomic}
   size_t InitialHeapSize                          = 536870912                                 {product} {ergonomic}
   size_t MarkStackSize                            = 4194304                                   {product} {ergonomic}
   size_t MaxHeapSize                              = 8568963072                                {product} {ergonomic}
   size_t MinHeapDeltaBytes                        = 4194304                                   {product} {ergonomic}
   size_t MinHeapSize                              = 8388608                                   {product} {ergonomic}
    uintx NonNMethodCodeHeapSize                   = 7602480                                {pd product} {ergonomic}
    uintx NonProfiledCodeHeapSize                  = 122027880                              {pd product} {ergonomic}
    uintx ProfiledCodeHeapSize                     = 122027880                              {pd product} {ergonomic}
    uintx ReservedCodeCacheSize                    = 251658240                              {pd product} {ergonomic}
     bool SegmentedCodeCache                       = true                                      {product} {ergonomic}
   size_t SoftMaxHeapSize                          = 8568963072                             {manageable} {ergonomic}
     bool UseCompressedClassPointers               = true                           {product lp64_product} {ergonomic}
     bool UseCompressedOops                        = true                           {product lp64_product} {ergonomic}
     bool UseG1GC                                  = true                                      {product} {ergonomic}
     bool UseLargePagesIndividualAllocation        = false                                  {pd product} {ergonomic}

Logging:
Log output configuration:
 #0: stdout all=warning uptime,level,tags
 #1: stderr all=off uptime,level,tags

Environment Variables:
PATH=C:/Program Files/Git/mingw64/libexec/git-core;C:/Program Files/Git/mingw64/libexec/git-core;C:\Program Files\Git\mingw64\bin;C:\Program Files\Git\usr\bin;C:\Users\vlady\bin;C:\Program Files\Python312\Scripts\;C:\Program Files\Python312\;C:\Windows\system32;C:\Windows;C:\Windows\System32\Wbem;C:\Windows\System32\WindowsPowerShell\v1.0\;C:\Windows\System32\OpenSSH\;C:\Program Files\Microsoft VS Code\bin;C:\Program Files (x86)\Yarn\bin\;C:\Program Files\dotnet\;c:\Users\vlady\AppData\Local\Programs\cursor\resources\app\bin;C:\Program Files\nodejs\;C:\Program Files\Git\cmd;C:\Users\vlady\scoop\shims;C:\Users\vlady\AppData\Local\UniGetUI\Chocolatey\bin;C:\Users\vlady\AppData\Local\Programs\WingetUI\choco-cli\bin;C:\Users\vlady\AppData\Local\Microsoft\WindowsApps;C:\Users\vlady\AppData\Local\JetBrains\Toolbox\scripts;C:\Users\vlady\AppData\Local\Yarn\bin;C:\Users\vlady\AppData\Local\Microsoft\WinGet\Packages\Microsoft.Sysinternals.ProcessMonitor_Microsoft.Winget.Source_8wekyb3d8bbwe;C:\Users\vlady\AppData\Local\Microsoft\WinGet\Packages\Microsoft.Sysinternals.ProcessExplorer_Microsoft.Winget.Source_8wekyb3d8bbwe;C:\Users\vlady\AppData\Local\Microsoft\WinGet\Packages\Rufus.Rufus_Microsoft.Winget.Source_8wekyb3d8bbwe;C:\Users\vlady\AppData\Roaming\npm
USERNAME=vlady
DISPLAY=:0.0
LC_ALL=en_US.UTF-8
TERM=xterm-256color
TMPDIR=C:\Users\vlady\AppData\Local\Temp
OS=Windows_NT
PROCESSOR_IDENTIFIER=AMD64 Family 25 Model 33 Stepping 2, AuthenticAMD
TMP=C:\Users\vlady\AppData\Local\Temp
TEMP=C:\Users\vlady\AppData\Local\Temp



Periodic native trim disabled

JNI global refs:
JNI global refs: 0, weak refs: 0

JNI global refs memory usage: 0, weak refs: 0

Process memory usage:
Resident Set Size: 14344K (0% of 33463920K total physical memory with 11585124K free physical memory)

OOME stack traces (most recent first):
Classloader memory used:


---------------  S Y S T E M  ---------------

OS:
 Windows 11 , 64 bit Build 22621 (10.0.22621.3958)
OS uptime: 0 days 4:38 hours
Hyper-V role detected

CPU: total 24 (initial active 24) (24 cores per cpu, 2 threads per core) family 25 model 33 stepping 2 microcode 0x0, cx8, cmov, fxsr, ht, mmx, 3dnowpref, sse, sse2, sse3, ssse3, sse4a, sse4.1, sse4.2, popcnt, lzcnt, tsc, tscinvbit, avx, avx2, aes, erms, clmul, bmi1, bmi2, adx, sha, fma, vzeroupper, clflush, clflushopt, hv
Processor Information for all 24 processors :
  Max Mhz: 3701, Current Mhz: 3701, Mhz Limit: 3701

Memory: 4k page, system-wide physical 32679M (11313M free)
TotalPageFile size 34727M (AvailPageFile size 9M)
current process WorkingSet (physical memory assigned to process): 14M, peak: 14M
current process commit charge ("private bytes"): 82M, peak: 594M

vm_info: OpenJDK 64-Bit Server VM (17.0.11+1-b1207.24) for windows-amd64 JRE (17.0.11+1-b1207.24), built on 2024-05-15 by "builduser" with MS VC++ 16.10 / 16.11 (VS2019)

END.
